[2020-07-23 13:18:16][sql] CONNECT:[ UseTime:0.051136s ] mysql:host=rm-uf6x37baqv0vx247qoo.mysql.rds.aliyuncs.com;port=3306;dbname=zhongpu_db;charset=utf8mb4
[2020-07-23 13:18:16][sql] SHOW FULL COLUMNS FROM `zp_finance` [ RunTime:0.034678s ]
[2020-07-23 13:18:16][sql] SELECT COUNT(*) AS think_count FROM `zp_finance` `a` INNER JOIN `system_user` `b` ON `a`.`user_id`=`b`.`id` [ RunTime:0.038873s ]
[2020-07-23 13:18:16][sql] SELECT `a`.`finance_id`,`a`.`title`,`a`.`content`,`a`.`type`,`a`.`type_content`,`a`.`money`,`a`.`state`,`a`.`create_time`,`a`.`update_time`,`b`.`username`,`b`.`nickname`,`b`.`headimg` FROM `zp_finance` `a` INNER JOIN `system_user` `b` ON `a`.`user_id`=`b`.`id` ORDER BY `a`.`finance_id` DESC LIMIT 0,20 [ RunTime:0.034491s ]
[2020-07-23 14:01:46][sql] CONNECT:[ UseTime:0.002303s ] mysql:host=localhost;port=3306;dbname=zhongpu_db;charset=utf8mb4
[2020-07-23 14:01:46][sql] SHOW FULL COLUMNS FROM `zp_finance` [ RunTime:0.001665s ]
[2020-07-23 14:01:46][sql] SELECT COUNT(*) AS think_count FROM `zp_finance` `a` INNER JOIN `system_user` `b` ON `a`.`user_id`=`b`.`id` [ RunTime:0.000783s ]
[2020-07-23 14:01:46][sql] SELECT `a`.`finance_id`,`a`.`title`,`a`.`content`,`a`.`type`,`a`.`type_content`,`a`.`money`,`a`.`state`,`a`.`create_time`,`a`.`update_time`,`b`.`username`,`b`.`nickname`,`b`.`headimg` FROM `zp_finance` `a` INNER JOIN `system_user` `b` ON `a`.`user_id`=`b`.`id` ORDER BY `a`.`finance_id` DESC LIMIT 0,20 [ RunTime:0.000767s ]
[2020-07-23 14:02:23][sql] CONNECT:[ UseTime:0.001970s ] mysql:host=localhost;port=3306;dbname=zhongpu_db;charset=utf8mb4
[2020-07-23 14:02:23][sql] SHOW FULL COLUMNS FROM `zp_finance` [ RunTime:0.001946s ]
[2020-07-23 14:02:23][sql] SELECT COUNT(*) AS think_count FROM `zp_finance` `a` INNER JOIN `system_user` `b` ON `a`.`user_id`=`b`.`id` [ RunTime:0.000696s ]
[2020-07-23 14:02:23][sql] SELECT `a`.`finance_id`,`a`.`title`,`a`.`content`,`a`.`type`,`a`.`type_content`,`a`.`money`,`a`.`state`,`a`.`create_time`,`a`.`update_time`,`b`.`username`,`b`.`nickname`,`b`.`headimg` FROM `zp_finance` `a` INNER JOIN `system_user` `b` ON `a`.`user_id`=`b`.`id` ORDER BY `a`.`finance_id` DESC LIMIT 0,20 [ RunTime:0.000754s ]
[2020-07-23 14:02:25][sql] CONNECT:[ UseTime:0.011344s ] mysql:host=localhost;port=3306;dbname=zhongpu_db;charset=utf8mb4
[2020-07-23 14:02:25][sql] SHOW FULL COLUMNS FROM `zp_finance` [ RunTime:0.001833s ]
[2020-07-23 14:02:25][sql] SELECT COUNT(*) AS think_count FROM `zp_finance` `a` INNER JOIN `system_user` `b` ON `a`.`user_id`=`b`.`id` [ RunTime:0.000685s ]
[2020-07-23 14:02:25][sql] SELECT `a`.`finance_id`,`a`.`title`,`a`.`content`,`a`.`type`,`a`.`type_content`,`a`.`money`,`a`.`state`,`a`.`create_time`,`a`.`update_time`,`b`.`username`,`b`.`nickname`,`b`.`headimg` FROM `zp_finance` `a` INNER JOIN `system_user` `b` ON `a`.`user_id`=`b`.`id` ORDER BY `a`.`finance_id` DESC LIMIT 0,20 [ RunTime:0.000791s ]
[2020-07-23 14:03:01][sql] CONNECT:[ UseTime:0.001522s ] mysql:host=localhost;port=3306;dbname=zhongpu_db;charset=utf8mb4
[2020-07-23 14:03:01][sql] SHOW FULL COLUMNS FROM `zp_finance` [ RunTime:0.002474s ]
[2020-07-23 14:03:01][sql] SELECT COUNT(*) AS think_count FROM `zp_finance` `a` INNER JOIN `system_user` `b` ON `a`.`user_id`=`b`.`id` [ RunTime:0.001049s ]
[2020-07-23 14:03:01][sql] SELECT `a`.`finance_id`,`a`.`title`,`a`.`content`,`a`.`type`,`a`.`type_content`,`a`.`money`,`a`.`state`,`a`.`create_time`,`a`.`update_time`,`b`.`username`,`b`.`nickname`,`b`.`headimg` FROM `zp_finance` `a` INNER JOIN `system_user` `b` ON `a`.`user_id`=`b`.`id` ORDER BY `a`.`finance_id` DESC LIMIT 0,20 [ RunTime:0.001028s ]
[2020-07-23 14:03:05][sql] CONNECT:[ UseTime:0.003189s ] mysql:host=localhost;port=3306;dbname=zhongpu_db;charset=utf8mb4
[2020-07-23 14:03:05][sql] SHOW FULL COLUMNS FROM `zp_finance` [ RunTime:0.001715s ]
[2020-07-23 14:03:05][sql] SELECT COUNT(*) AS think_count FROM `zp_finance` `a` INNER JOIN `system_user` `b` ON `a`.`user_id`=`b`.`id` [ RunTime:0.000509s ]
[2020-07-23 14:03:05][sql] SELECT `a`.`finance_id`,`a`.`title`,`a`.`content`,`a`.`type`,`a`.`type_content`,`a`.`money`,`a`.`state`,`a`.`create_time`,`a`.`update_time`,`b`.`username`,`b`.`nickname`,`b`.`headimg` FROM `zp_finance` `a` INNER JOIN `system_user` `b` ON `a`.`user_id`=`b`.`id` ORDER BY `a`.`finance_id` DESC LIMIT 0,20 [ RunTime:0.000659s ]
[2020-07-23 14:48:52][sql] CONNECT:[ UseTime:0.001375s ] mysql:host=localhost;port=3306;dbname=zhongpu_db;charset=utf8mb4
[2020-07-23 14:48:52][sql] SHOW FULL COLUMNS FROM `zp_finance` [ RunTime:0.001870s ]
[2020-07-23 14:48:52][sql] SELECT COUNT(*) AS think_count FROM `zp_finance` `a` INNER JOIN `system_user` `b` ON `a`.`user_id`=`b`.`id` [ RunTime:0.000956s ]
[2020-07-23 14:48:52][sql] SELECT `a`.`finance_id`,`a`.`title`,`a`.`content`,`a`.`type`,`a`.`type_content`,`a`.`money`,`a`.`state`,`a`.`create_time`,`a`.`update_time`,`b`.`username`,`b`.`nickname`,`b`.`headimg` FROM `zp_finance` `a` INNER JOIN `system_user` `b` ON `a`.`user_id`=`b`.`id` ORDER BY `a`.`finance_id` DESC LIMIT 0,20 [ RunTime:0.000862s ]
[2020-07-23 14:49:01][sql] CONNECT:[ UseTime:0.001339s ] mysql:host=localhost;port=3306;dbname=zhongpu_db;charset=utf8mb4
[2020-07-23 14:49:01][sql] SHOW FULL COLUMNS FROM `zp_finance` [ RunTime:0.001734s ]
[2020-07-23 14:49:01][sql] SELECT COUNT(*) AS think_count FROM `zp_finance` `a` INNER JOIN `system_user` `b` ON `a`.`user_id`=`b`.`id` [ RunTime:0.000648s ]
[2020-07-23 14:49:01][sql] SELECT `a`.`finance_id`,`a`.`title`,`a`.`content`,`a`.`type`,`a`.`type_content`,`a`.`money`,`a`.`state`,`a`.`create_time`,`a`.`update_time`,`b`.`username`,`b`.`nickname`,`b`.`headimg` FROM `zp_finance` `a` INNER JOIN `system_user` `b` ON `a`.`user_id`=`b`.`id` ORDER BY `a`.`finance_id` DESC LIMIT 0,20 [ RunTime:0.000897s ]
[2020-07-23 14:49:51][sql] CONNECT:[ UseTime:0.002131s ] mysql:host=localhost;port=3306;dbname=zhongpu_db;charset=utf8mb4
[2020-07-23 14:49:51][sql] SHOW FULL COLUMNS FROM `zp_finance` [ RunTime:0.002884s ]
[2020-07-23 14:49:51][sql] SELECT COUNT(*) AS think_count FROM `zp_finance` `a` INNER JOIN `system_user` `b` ON `a`.`user_id`=`b`.`id` [ RunTime:0.000840s ]
[2020-07-23 14:49:51][sql] SELECT `a`.`finance_id`,`a`.`title`,`a`.`content`,`a`.`type`,`a`.`type_content`,`a`.`money`,`a`.`state`,`a`.`create_time`,`a`.`update_time`,`b`.`username`,`b`.`nickname`,`b`.`headimg` FROM `zp_finance` `a` INNER JOIN `system_user` `b` ON `a`.`user_id`=`b`.`id` ORDER BY `a`.`finance_id` DESC LIMIT 0,20 [ RunTime:0.001000s ]
[2020-07-23 15:02:19][sql] CONNECT:[ UseTime:0.001385s ] mysql:host=localhost;port=3306;dbname=zhongpu_db;charset=utf8mb4
[2020-07-23 15:02:19][sql] SHOW FULL COLUMNS FROM `zp_finance` [ RunTime:0.001694s ]
[2020-07-23 15:02:19][sql] SELECT COUNT(*) AS think_count FROM `zp_finance` `a` INNER JOIN `system_user` `b` ON `a`.`user_id`=`b`.`id` [ RunTime:0.000426s ]
[2020-07-23 15:02:19][sql] SELECT `a`.`finance_id`,`a`.`title`,`a`.`content`,`a`.`type`,`a`.`type_content`,`a`.`money`,`a`.`state`,`a`.`create_time`,`a`.`update_time`,`b`.`username`,`b`.`nickname`,`b`.`headimg` FROM `zp_finance` `a` INNER JOIN `system_user` `b` ON `a`.`user_id`=`b`.`id` ORDER BY `a`.`finance_id` DESC LIMIT 0,20 [ RunTime:0.000886s ]
[2020-07-23 15:02:22][sql] CONNECT:[ UseTime:0.011450s ] mysql:host=localhost;port=3306;dbname=zhongpu_db;charset=utf8mb4
[2020-07-23 15:02:22][sql] SHOW FULL COLUMNS FROM `zp_finance` [ RunTime:0.001717s ]
[2020-07-23 15:02:22][sql] SELECT COUNT(*) AS think_count FROM `zp_finance` `a` INNER JOIN `system_user` `b` ON `a`.`user_id`=`b`.`id` [ RunTime:0.000920s ]
[2020-07-23 15:02:22][sql] SELECT `a`.`finance_id`,`a`.`title`,`a`.`content`,`a`.`type`,`a`.`type_content`,`a`.`money`,`a`.`state`,`a`.`create_time`,`a`.`update_time`,`b`.`username`,`b`.`nickname`,`b`.`headimg` FROM `zp_finance` `a` INNER JOIN `system_user` `b` ON `a`.`user_id`=`b`.`id` ORDER BY `a`.`finance_id` DESC LIMIT 0,20 [ RunTime:0.000779s ]
[2020-07-23 15:03:07][sql] CONNECT:[ UseTime:0.001398s ] mysql:host=localhost;port=3306;dbname=zhongpu_db;charset=utf8mb4
[2020-07-23 15:03:07][sql] SHOW FULL COLUMNS FROM `zp_finance` [ RunTime:0.001705s ]
[2020-07-23 15:03:07][sql] SELECT COUNT(*) AS think_count FROM `zp_finance` `a` INNER JOIN `system_user` `b` ON `a`.`user_id`=`b`.`id` [ RunTime:0.000419s ]
[2020-07-23 15:03:07][sql] SELECT `a`.`finance_id`,`a`.`title`,`a`.`content`,`a`.`type`,`a`.`type_content`,`a`.`money`,`a`.`state`,`a`.`create_time`,`a`.`update_time`,`b`.`username`,`b`.`nickname`,`b`.`headimg` FROM `zp_finance` `a` INNER JOIN `system_user` `b` ON `a`.`user_id`=`b`.`id` ORDER BY `a`.`finance_id` DESC LIMIT 0,20 [ RunTime:0.000768s ]
[2020-07-23 15:03:10][sql] CONNECT:[ UseTime:0.001384s ] mysql:host=localhost;port=3306;dbname=zhongpu_db;charset=utf8mb4
[2020-07-23 15:03:10][sql] SHOW FULL COLUMNS FROM `zp_finance` [ RunTime:0.001900s ]
[2020-07-23 15:03:10][sql] SELECT COUNT(*) AS think_count FROM `zp_finance` `a` INNER JOIN `system_user` `b` ON `a`.`user_id`=`b`.`id` [ RunTime:0.000738s ]
[2020-07-23 15:03:10][sql] SELECT `a`.`finance_id`,`a`.`title`,`a`.`content`,`a`.`type`,`a`.`type_content`,`a`.`money`,`a`.`state`,`a`.`create_time`,`a`.`update_time`,`b`.`username`,`b`.`nickname`,`b`.`headimg` FROM `zp_finance` `a` INNER JOIN `system_user` `b` ON `a`.`user_id`=`b`.`id` ORDER BY `a`.`finance_id` DESC LIMIT 0,20 [ RunTime:0.002526s ]
[2020-07-23 15:03:31][sql] CONNECT:[ UseTime:0.002286s ] mysql:host=localhost;port=3306;dbname=zhongpu_db;charset=utf8mb4
[2020-07-23 15:03:31][sql] SHOW FULL COLUMNS FROM `zp_finance` [ RunTime:0.001704s ]
[2020-07-23 15:03:31][sql] SELECT COUNT(*) AS think_count FROM `zp_finance` `a` INNER JOIN `system_user` `b` ON `a`.`user_id`=`b`.`id` [ RunTime:0.000446s ]
[2020-07-23 15:03:31][sql] SELECT `a`.`finance_id`,`a`.`title`,`a`.`content`,`a`.`type`,`a`.`type_content`,`a`.`money`,`a`.`state`,`a`.`create_time`,`a`.`update_time`,`b`.`username`,`b`.`nickname`,`b`.`headimg` FROM `zp_finance` `a` INNER JOIN `system_user` `b` ON `a`.`user_id`=`b`.`id` ORDER BY `a`.`finance_id` DESC LIMIT 0,20 [ RunTime:0.000685s ]
[2020-07-23 15:04:48][sql] CONNECT:[ UseTime:0.001350s ] mysql:host=localhost;port=3306;dbname=zhongpu_db;charset=utf8mb4
[2020-07-23 15:04:48][sql] SHOW FULL COLUMNS FROM `zp_finance` [ RunTime:0.001678s ]
[2020-07-23 15:04:48][sql] SELECT COUNT(*) AS think_count FROM `zp_finance` `a` INNER JOIN `system_user` `b` ON `a`.`user_id`=`b`.`id` [ RunTime:0.000598s ]
[2020-07-23 15:04:48][sql] SELECT `a`.`finance_id`,`a`.`title`,`a`.`content`,`a`.`type`,`a`.`type_content`,`a`.`money`,`a`.`state`,`a`.`create_time`,`a`.`update_time`,`b`.`username`,`b`.`nickname`,`b`.`headimg` FROM `zp_finance` `a` INNER JOIN `system_user` `b` ON `a`.`user_id`=`b`.`id` ORDER BY `a`.`finance_id` DESC LIMIT 0,20 [ RunTime:0.000778s ]
[2020-07-23 15:34:20][sql] CONNECT:[ UseTime:0.001378s ] mysql:host=localhost;port=3306;dbname=zhongpu_db;charset=utf8mb4
[2020-07-23 15:34:20][sql] SHOW FULL COLUMNS FROM `zp_finance` [ RunTime:0.001685s ]
[2020-07-23 15:34:20][sql] SELECT COUNT(*) AS think_count FROM `zp_finance` `a` INNER JOIN `system_user` `b` ON `a`.`user_id`=`b`.`id` [ RunTime:0.000634s ]
[2020-07-23 15:34:20][sql] SELECT `a`.`finance_id`,`a`.`title`,`a`.`content`,`a`.`type`,`a`.`type_content`,`a`.`money`,`a`.`state`,`a`.`create_time`,`a`.`update_time`,`b`.`username`,`b`.`nickname`,`b`.`headimg` FROM `zp_finance` `a` INNER JOIN `system_user` `b` ON `a`.`user_id`=`b`.`id` ORDER BY `a`.`finance_id` DESC LIMIT 0,20 [ RunTime:0.004820s ]
[2020-07-23 19:45:30][sql] CONNECT:[ UseTime:0.011595s ] mysql:host=localhost;port=3306;dbname=zhongpu_db;charset=utf8mb4
[2020-07-23 19:45:30][sql] SHOW FULL COLUMNS FROM `zp_finance` [ RunTime:0.001883s ]
[2020-07-23 19:45:30][sql] SELECT COUNT(*) AS think_count FROM `zp_finance` `a` INNER JOIN `system_user` `b` ON `a`.`user_id`=`b`.`id` [ RunTime:0.000916s ]
[2020-07-23 19:45:30][sql] SELECT `a`.`finance_id`,`a`.`title`,`a`.`content`,`a`.`type`,`a`.`type_content`,`a`.`money`,`a`.`state`,`a`.`create_time`,`a`.`update_time`,`b`.`username`,`b`.`nickname`,`b`.`headimg` FROM `zp_finance` `a` INNER JOIN `system_user` `b` ON `a`.`user_id`=`b`.`id` ORDER BY `a`.`finance_id` DESC LIMIT 0,20 [ RunTime:0.001189s ]
[2020-07-23 19:45:38][sql] CONNECT:[ UseTime:0.010406s ] mysql:host=localhost;port=3306;dbname=zhongpu_db;charset=utf8mb4
[2020-07-23 19:45:38][sql] SHOW FULL COLUMNS FROM `zp_finance` [ RunTime:0.001831s ]
[2020-07-23 19:45:38][sql] SELECT COUNT(*) AS think_count FROM `zp_finance` `a` INNER JOIN `system_user` `b` ON `a`.`user_id`=`b`.`id` [ RunTime:0.000828s ]
[2020-07-23 19:45:38][sql] SELECT `a`.`finance_id`,`a`.`title`,`a`.`content`,`a`.`type`,`a`.`type_content`,`a`.`money`,`a`.`state`,`a`.`create_time`,`a`.`update_time`,`b`.`username`,`b`.`nickname`,`b`.`headimg` FROM `zp_finance` `a` INNER JOIN `system_user` `b` ON `a`.`user_id`=`b`.`id` ORDER BY `a`.`finance_id` DESC LIMIT 0,20 [ RunTime:0.003561s ]
[2020-07-24 13:51:54][sql] CONNECT:[ UseTime:0.002560s ] mysql:host=localhost;port=3306;dbname=zhongpu_db;charset=utf8mb4
[2020-07-24 13:51:54][sql] SHOW FULL COLUMNS FROM `zp_finance` [ RunTime:0.001724s ]
[2020-07-24 13:51:54][sql] SELECT COUNT(*) AS think_count FROM `zp_finance` `a` INNER JOIN `system_user` `b` ON `a`.`user_id`=`b`.`id` [ RunTime:0.001158s ]
[2020-07-24 13:51:54][sql] SELECT `a`.`finance_id`,`a`.`title`,`a`.`content`,`a`.`type`,`a`.`type_content`,`a`.`money`,`a`.`state`,`a`.`create_time`,`a`.`update_time`,`b`.`username`,`b`.`nickname`,`b`.`headimg` FROM `zp_finance` `a` INNER JOIN `system_user` `b` ON `a`.`user_id`=`b`.`id` ORDER BY `a`.`finance_id` DESC LIMIT 0,20 [ RunTime:0.000835s ]
[2020-08-03 11:25:27][sql] CONNECT:[ UseTime:0.012568s ] mysql:host=localhost;port=3306;dbname=zhongpu_db;charset=utf8mb4
[2020-08-03 11:25:27][sql] SHOW FULL COLUMNS FROM `zp_finance` [ RunTime:0.006608s ]
[2020-08-03 11:25:27][sql] SELECT COUNT(*) AS think_count FROM `zp_finance` `a` INNER JOIN `system_user` `b` ON `a`.`user_id`=`b`.`id` [ RunTime:0.010635s ]
[2020-08-03 11:25:27][sql] SELECT `a`.`finance_id`,`a`.`title`,`a`.`content`,`a`.`type`,`a`.`type_content`,`a`.`money`,`a`.`state`,`a`.`create_time`,`a`.`update_time`,`b`.`username`,`b`.`nickname`,`b`.`headimg` FROM `zp_finance` `a` INNER JOIN `system_user` `b` ON `a`.`user_id`=`b`.`id` ORDER BY `a`.`finance_id` DESC LIMIT 0,20 [ RunTime:0.001921s ]
[2020-08-08 01:00:52][sql] CONNECT:[ UseTime:0.001487s ] mysql:host=localhost;port=3306;dbname=zhongpu_db;charset=utf8mb4
[2020-08-08 01:00:52][sql] SHOW FULL COLUMNS FROM `zp_finance` [ RunTime:0.004612s ]
[2020-08-08 01:00:52][sql] SELECT COUNT(*) AS think_count FROM `zp_finance` `a` INNER JOIN `system_user` `b` ON `a`.`user_id`=`b`.`id` [ RunTime:0.006666s ]
[2020-08-08 01:00:52][sql] SELECT `a`.`finance_id`,`a`.`title`,`a`.`content`,`a`.`type`,`a`.`type_content`,`a`.`money`,`a`.`state`,`a`.`create_time`,`a`.`update_time`,`b`.`username`,`b`.`nickname`,`b`.`headimg` FROM `zp_finance` `a` INNER JOIN `system_user` `b` ON `a`.`user_id`=`b`.`id` ORDER BY `a`.`finance_id` DESC LIMIT 0,20 [ RunTime:0.007500s ]
[2020-08-08 01:01:04][sql] CONNECT:[ UseTime:0.010461s ] mysql:host=localhost;port=3306;dbname=zhongpu_db;charset=utf8mb4
[2020-08-08 01:01:04][sql] SHOW FULL COLUMNS FROM `zp_finance` [ RunTime:0.001931s ]
[2020-08-08 01:01:04][sql] SELECT COUNT(*) AS think_count FROM `zp_finance` `a` INNER JOIN `system_user` `b` ON `a`.`user_id`=`b`.`id` [ RunTime:0.000695s ]
[2020-08-08 01:01:04][sql] SELECT `a`.`finance_id`,`a`.`title`,`a`.`content`,`a`.`type`,`a`.`type_content`,`a`.`money`,`a`.`state`,`a`.`create_time`,`a`.`update_time`,`b`.`username`,`b`.`nickname`,`b`.`headimg` FROM `zp_finance` `a` INNER JOIN `system_user` `b` ON `a`.`user_id`=`b`.`id` ORDER BY `a`.`finance_id` DESC LIMIT 0,20 [ RunTime:0.000713s ]
[2020-08-09 22:07:45][sql] CONNECT:[ UseTime:0.002745s ] mysql:host=localhost;port=3306;dbname=zhongpu_db;charset=utf8mb4
[2020-08-09 22:07:45][sql] SHOW FULL COLUMNS FROM `zp_finance` [ RunTime:0.001749s ]
[2020-08-09 22:07:45][sql] SELECT COUNT(*) AS think_count FROM `zp_finance` `a` INNER JOIN `system_user` `b` ON `a`.`user_id`=`b`.`id` [ RunTime:0.005149s ]
[2020-08-09 22:07:45][sql] SELECT `a`.`finance_id`,`a`.`title`,`a`.`content`,`a`.`type`,`a`.`type_content`,`a`.`money`,`a`.`state`,`a`.`create_time`,`a`.`update_time`,`b`.`username`,`b`.`nickname`,`b`.`headimg` FROM `zp_finance` `a` INNER JOIN `system_user` `b` ON `a`.`user_id`=`b`.`id` ORDER BY `a`.`finance_id` DESC LIMIT 0,20 [ RunTime:0.000829s ]
[2020-08-09 22:39:53][sql] CONNECT:[ UseTime:0.048057s ] mysql:host=rm-uf6x37baqv0vx247qoo.mysql.rds.aliyuncs.com;port=3306;dbname=zhongpu_db;charset=utf8mb4
[2020-08-09 22:39:53][sql] SHOW FULL COLUMNS FROM `zp_finance` [ RunTime:0.035226s ]
[2020-08-09 22:39:53][sql] SELECT COUNT(*) AS think_count FROM `zp_finance` `a` INNER JOIN `system_user` `b` ON `a`.`user_id`=`b`.`id` [ RunTime:0.033705s ]
[2020-08-09 22:39:53][sql] SELECT `a`.`finance_id`,`a`.`title`,`a`.`content`,`a`.`type`,`a`.`type_content`,`a`.`money`,`a`.`state`,`a`.`create_time`,`a`.`update_time`,`b`.`username`,`b`.`nickname`,`b`.`headimg` FROM `zp_finance` `a` INNER JOIN `system_user` `b` ON `a`.`user_id`=`b`.`id` ORDER BY `a`.`finance_id` DESC LIMIT 0,20 [ RunTime:0.035977s ]
[2020-08-09 22:39:55][sql] CONNECT:[ UseTime:0.059875s ] mysql:host=rm-uf6x37baqv0vx247qoo.mysql.rds.aliyuncs.com;port=3306;dbname=zhongpu_db;charset=utf8mb4
[2020-08-09 22:39:55][sql] SHOW FULL COLUMNS FROM `zp_finance` [ RunTime:0.040979s ]
[2020-08-09 22:39:55][sql] SELECT COUNT(*) AS think_count FROM `zp_finance` `a` INNER JOIN `system_user` `b` ON `a`.`user_id`=`b`.`id` [ RunTime:0.040057s ]
[2020-08-09 22:39:55][sql] SELECT `a`.`finance_id`,`a`.`title`,`a`.`content`,`a`.`type`,`a`.`type_content`,`a`.`money`,`a`.`state`,`a`.`create_time`,`a`.`update_time`,`b`.`username`,`b`.`nickname`,`b`.`headimg` FROM `zp_finance` `a` INNER JOIN `system_user` `b` ON `a`.`user_id`=`b`.`id` ORDER BY `a`.`finance_id` DESC LIMIT 0,20 [ RunTime:0.038500s ]
[2020-08-10 10:00:53][sql] CONNECT:[ UseTime:0.053658s ] mysql:host=rm-uf6x37baqv0vx247qoo.mysql.rds.aliyuncs.com;port=3306;dbname=zhongpu_db;charset=utf8mb4
[2020-08-10 10:00:53][sql] SHOW FULL COLUMNS FROM `zp_finance` [ RunTime:0.044409s ]
[2020-08-10 10:00:53][sql] SELECT COUNT(*) AS think_count FROM `zp_finance` `a` INNER JOIN `system_user` `b` ON `a`.`user_id`=`b`.`id` [ RunTime:0.029633s ]
[2020-08-10 10:00:53][sql] SELECT `a`.`finance_id`,`a`.`title`,`a`.`content`,`a`.`type`,`a`.`type_content`,`a`.`money`,`a`.`state`,`a`.`create_time`,`a`.`update_time`,`b`.`username`,`b`.`nickname`,`b`.`headimg` FROM `zp_finance` `a` INNER JOIN `system_user` `b` ON `a`.`user_id`=`b`.`id` ORDER BY `a`.`finance_id` DESC LIMIT 0,20 [ RunTime:0.029330s ]
[2020-08-10 10:00:57][sql] CONNECT:[ UseTime:0.044808s ] mysql:host=rm-uf6x37baqv0vx247qoo.mysql.rds.aliyuncs.com;port=3306;dbname=zhongpu_db;charset=utf8mb4
[2020-08-10 10:00:57][sql] SHOW FULL COLUMNS FROM `zp_finance` [ RunTime:0.036470s ]
[2020-08-10 10:00:57][sql] SELECT COUNT(*) AS think_count FROM `zp_finance` `a` INNER JOIN `system_user` `b` ON `a`.`user_id`=`b`.`id` [ RunTime:0.029527s ]
[2020-08-10 10:00:57][sql] SELECT `a`.`finance_id`,`a`.`title`,`a`.`content`,`a`.`type`,`a`.`type_content`,`a`.`money`,`a`.`state`,`a`.`create_time`,`a`.`update_time`,`b`.`username`,`b`.`nickname`,`b`.`headimg` FROM `zp_finance` `a` INNER JOIN `system_user` `b` ON `a`.`user_id`=`b`.`id` ORDER BY `a`.`finance_id` DESC LIMIT 0,20 [ RunTime:0.074243s ]
[2020-08-10 10:10:02][sql] CONNECT:[ UseTime:0.050480s ] mysql:host=rm-uf6x37baqv0vx247qoo.mysql.rds.aliyuncs.com;port=3306;dbname=zhongpu_db;charset=utf8mb4
[2020-08-10 10:10:02][sql] SHOW FULL COLUMNS FROM `zp_finance` [ RunTime:0.035862s ]
[2020-08-10 10:10:02][sql] SELECT COUNT(*) AS think_count FROM `zp_finance` `a` INNER JOIN `system_user` `b` ON `a`.`user_id`=`b`.`id` [ RunTime:0.031456s ]
[2020-08-10 10:10:02][sql] SELECT `a`.`finance_id`,`a`.`title`,`a`.`content`,`a`.`type`,`a`.`type_content`,`a`.`money`,`a`.`state`,`a`.`create_time`,`a`.`update_time`,`b`.`username`,`b`.`nickname`,`b`.`headimg` FROM `zp_finance` `a` INNER JOIN `system_user` `b` ON `a`.`user_id`=`b`.`id` ORDER BY `a`.`finance_id` DESC LIMIT 0,20 [ RunTime:0.028890s ]
